#
# A fatal error has been detected by the Java Runtime Environment:
#
#  SIGSEGV (0xb) at pc=0x000000010268a0b0, pid=15774, tid=0x0000000000005303
#
# JRE version: Java(TM) SE Runtime Environment (8.0_181-b13) (build 1.8.0_181-b13)
# Java VM: Java HotSpot(TM) 64-Bit Server VM (25.181-b13 mixed mode bsd-amd64 compressed oops)
# Problematic frame:
# V  [libjvm.dylib+0x28a0b0]
#
# Failed to write core dump. Core dumps have been disabled. To enable core dumping, try "ulimit -c unlimited" before starting Java again
#
# If you would like to submit a bug report, please visit:
#   http://bugreport.java.com/bugreport/crash.jsp
#

---------------  T H R E A D  ---------------

Current thread (0x00007fa41b052800):  VMThread [stack: 0x000070000108d000,0x000070000118d000] [id=21251]

siginfo: si_signo: 11 (SIGSEGV), si_code: 0 (unknown), si_addr: 0x0000000000000000

Registers:
RAX=0x00007fa419e118a0, RBX=0x000070000118c6f8, RCX=0xffffffffffffcb04, RDX=0x0000000000000000
RSP=0x000070000118c500, RBP=0x000070000118c510, RSI=0x00000000ffffcb04, RDI=0x000070000118c6f8
R8 =0x1ffffffffffff960, R9 =0x00000000fc7fffff, R10=0x00007fa419d00000, R11=0x0000000000000015
R12=0x00000000000000a7, R13=0x0000000000000018, R14=0x0000000000000018, R15=0x000070000118c580
RIP=0x000000010268a0b0, EFLAGS=0x0000000000010a06, ERR=0x0000000000000000
  TRAPNO=0x000000000000000d

Top of Stack: (sp=0x000070000118c500)
0x000070000118c500:   000070000118c6f8 000070000118c6f8
0x000070000118c510:   000070000118c570 000000010268a463
0x000070000118c520:   000070000118c540 0000000000000000
0x000070000118c530:   000000010268a092 000070000118c580
0x000070000118c540:   000070000118c570 000070000118c6f8
0x000070000118c550:   00000000000000a7 0000000000000018
0x000070000118c560:   0000000105237901 000070000118c580
0x000070000118c570:   000070000118c600 000000010268b183
0x000070000118c580:   000070000118c710 00000001052379c8
0x000070000118c590:   00007fa41b052800 0000001b00000018
0x000070000118c5a0:   000000a70000001d 000000a705230000
0x000070000118c5b0:   0000000000000000 0000001d00000000
0x000070000118c5c0:   00000001052379c8 00007fa41b052800
0x000070000118c5d0:   00000001052379c8 00007fa41b052800
0x000070000118c5e0:   00000001052379c8 00000001052379c8
0x000070000118c5f0:   000070000118c6f8 00000001052379c8
0x000070000118c600:   000070000118c690 000000010268b3db
0x000070000118c610:   0000700001180000 0000000000000000
0x000070000118c620:   0000000102a2e8be 0000000000000000
0x000070000118c630:   0000000102a2ec5a 0000000000000100
0x000070000118c640:   0000000000000000 0000000000000000
0x000070000118c650:   0000000000000100 000070000118c716
0x000070000118c660:   00000001052379c8 00007fa41b052800
0x000070000118c670:   00000001052379c8 000070000118c6f8
0x000070000118c680:   00007fa41b052800 00007fa419d1c360
0x000070000118c690:   000070000118c6e0 0000000102885331
0x000070000118c6a0:   00007fa419e1a670 00007fa419e117f0
0x000070000118c6b0:   00007fa419e11800 00007fa419e11bd8
0x000070000118c6c0:   00000000000003d8 0000000000000014
0x000070000118c6d0:   000070000118c888 00007fa419d1c360
0x000070000118c6e0:   000070000118c870 000000010288553a
0x000070000118c6f0:   0000000101ba5800 0000000102cdd100 

Instructions: (pc=0x000000010268a0b0)
0x000000010268a090:   c3 90 55 48 89 e5 53 48 83 ec 08 48 8b 87 90 00
0x000000010268a0a0:   00 00 48 63 ce 49 89 c8 49 83 e0 c0 49 c1 e8 03
0x000000010268a0b0:   4a 8b 04 00 48 0f a3 f0 72 17 48 89 fb 48 8d 7b
0x000000010268a0c0:   70 ba 01 00 00 00 48 89 ce e8 60 c8 e4 ff ff 43 

Register to memory mapping:

RAX=0x00007fa419e118a0 is an unknown value
RBX=0x000070000118c6f8 is an unknown value
RCX=0xffffffffffffcb04 is an unknown value
RDX=0x0000000000000000 is an unknown value
RSP=0x000070000118c500 is an unknown value
RBP=0x000070000118c510 is an unknown value
RSI=0x00000000ffffcb04 is an unknown value
RDI=0x000070000118c6f8 is an unknown value
R8 =0x1ffffffffffff960 is an unknown value
R9 =0x00000000fc7fffff is an unknown value
R10=0x00007fa419d00000 is an unknown value
R11=0x0000000000000015 is an unknown value
R12=0x00000000000000a7 is an unknown value
R13=0x0000000000000018 is an unknown value
R14=0x0000000000000018 is an unknown value
R15=0x000070000118c580 is an unknown value


Stack: [0x000070000108d000,0x000070000118d000],  sp=0x000070000118c500,  free space=1021k
Native frames: (J=compiled Java code, j=interpreted, Vv=VM code, C=native code)
V  [libjvm.dylib+0x28a0b0]
V  [libjvm.dylib+0x28a463]
V  [libjvm.dylib+0x28b183]
V  [libjvm.dylib+0x28b3db]
V  [libjvm.dylib+0x485331]
V  [libjvm.dylib+0x48553a]
V  [libjvm.dylib+0x48571b]
V  [libjvm.dylib+0x4859d2]
V  [libjvm.dylib+0x2c2b04]
V  [libjvm.dylib+0x45306d]
V  [libjvm.dylib+0x39afbf]
V  [libjvm.dylib+0x5bd499]
V  [libjvm.dylib+0x5bba31]
V  [libjvm.dylib+0x5bbe7e]
V  [libjvm.dylib+0x5bb79d]
V  [libjvm.dylib+0x48e342]
C  [libsystem_pthread.dylib+0x32eb]  _pthread_body+0x7e
C  [libsystem_pthread.dylib+0x6249]  _pthread_start+0x42
C  [libsystem_pthread.dylib+0x240d]  thread_start+0xd

VM_Operation (0x0000700001598958): GetOrSetLocal, mode: safepoint, requested by thread 0x00007fa41b05a000


---------------  P R O C E S S  ---------------

Java Threads: ( => current thread )
  0x00007fa41a073800 JavaThread "Service Thread" daemon [_thread_blocked, id=17923, stack(0x0000700001aab000,0x0000700001bab000)]
  0x00007fa41b89e000 JavaThread "C1 CompilerThread2" daemon [_thread_blocked, id=15619, stack(0x00007000019a8000,0x0000700001aa8000)]
  0x00007fa41a070800 JavaThread "C2 CompilerThread1" daemon [_thread_blocked, id=18179, stack(0x00007000018a5000,0x00007000019a5000)]
  0x00007fa41a855800 JavaThread "C2 CompilerThread0" daemon [_thread_blocked, id=15107, stack(0x00007000017a2000,0x00007000018a2000)]
  0x00007fa41b80e000 JavaThread "JDWP Command Reader" daemon [_thread_in_native, id=18947, stack(0x000070000169f000,0x000070000179f000)]
  0x00007fa41b072000 JavaThread "JDWP Event Helper Thread" daemon [_thread_blocked, id=19203, stack(0x000070000159c000,0x000070000169c000)]
  0x00007fa41b05a000 JavaThread "JDWP Transport Listener: dt_socket" daemon [_thread_blocked, id=14343, stack(0x0000700001499000,0x0000700001599000)]
  0x00007fa41a014800 JavaThread "Signal Dispatcher" daemon [_thread_blocked, id=19459, stack(0x0000700001396000,0x0000700001496000)]
  0x00007fa41b057800 JavaThread "Finalizer" daemon [_thread_blocked, id=12291, stack(0x0000700001293000,0x0000700001393000)]
  0x00007fa41b057000 JavaThread "Reference Handler" daemon [_thread_blocked, id=12035, stack(0x0000700001190000,0x0000700001290000)]
  0x00007fa41b001000 JavaThread "main" [_thread_blocked, id=10243, stack(0x0000700000b7e000,0x0000700000c7e000)]

Other Threads:
=>0x00007fa41b052800 VMThread [stack: 0x000070000108d000,0x000070000118d000] [id=21251]
  0x00007fa41a070000 WatcherThread [stack: 0x0000700001bae000,0x0000700001cae000] [id=16131]

VM state:at safepoint (normal execution)

VM Mutex/Monitor currently owned by a thread:  ([mutex/lock_event])
[0x00007fa419e033c0] Threads_lock - owner thread: 0x00007fa41b052800

Heap:
 PSYoungGen      total 76288K, used 3932K [0x000000076ab00000, 0x0000000770000000, 0x00000007c0000000)
  eden space 65536K, 6% used [0x000000076ab00000,0x000000076aed7190,0x000000076eb00000)
  from space 10752K, 0% used [0x000000076f580000,0x000000076f580000,0x0000000770000000)
  to   space 10752K, 0% used [0x000000076eb00000,0x000000076eb00000,0x000000076f580000)
 ParOldGen       total 175104K, used 0K [0x00000006c0000000, 0x00000006cab00000, 0x000000076ab00000)
  object space 175104K, 0% used [0x00000006c0000000,0x00000006c0000000,0x00000006cab00000)
 Metaspace       used 3175K, capacity 4600K, committed 4864K, reserved 1056768K
  class space    used 339K, capacity 424K, committed 512K, reserved 1048576K

Card table byte_map: [0x0000000103882000,0x0000000104083000] byte_map_base: 0x0000000100282000

Marking Bits: (ParMarkBitMap*) 0x0000000102cf9cd0
 Begin Bits: [0x000000011914d000, 0x000000011d14d000)
 End Bits:   [0x000000011d14d000, 0x000000012114d000)

Polling page: 0x0000000101bfd000

CodeCache: size=245760Kb used=1123Kb max_used=1123Kb free=244636Kb
 bounds [0x000000010a14d000, 0x000000010a3bd000, 0x000000011914d000]
 total_blobs=259 nmethods=24 adapters=157
 compilation: enabled

Compilation events (10 events):
Event: 0.261 Thread 0x00007fa41b89e000   18  s    3       sun.misc.URLClassPath::getNextLoader (88 bytes)
Event: 0.262 Thread 0x00007fa41b89e000 nmethod 18 0x000000010a25e0d0 code [0x000000010a25e2c0, 0x000000010a25eb68]
Event: 0.262 Thread 0x00007fa41b89e000   24       3       java.util.HashMap::hash (20 bytes)
Event: 0.262 Thread 0x00007fa41b89e000 nmethod 24 0x000000010a25dc50 code [0x000000010a25ddc0, 0x000000010a25e028]
Event: 0.262 Thread 0x00007fa41b89e000   21   !   3       sun.misc.URLClassPath$JarLoader::getResource (85 bytes)
Event: 0.263 Thread 0x00007fa41b89e000 nmethod 21 0x000000010a264a90 code [0x000000010a264d00, 0x000000010a265948]
Event: 0.263 Thread 0x00007fa41b89e000   23       3       java.util.Arrays::copyOf (19 bytes)
Event: 0.263 Thread 0x00007fa41b89e000 nmethod 23 0x000000010a25d650 code [0x000000010a25d7e0, 0x000000010a25db08]
Event: 0.263 Thread 0x00007fa41b89e000   22       1       java.net.URL::getAuthority (5 bytes)
Event: 0.263 Thread 0x00007fa41b89e000 nmethod 22 0x000000010a25d390 code [0x000000010a25d4e0, 0x000000010a25d5f0]

GC Heap History (0 events):
No events

Deoptimization events (0 events):
No events

Classes redefined (2 events):
Event: 101.858 Thread 0x00007fa41b052800 redefined class name=DebugExercise2, count=1
Event: 161.350 Thread 0x00007fa41b052800 redefined class name=DebugExercise2, count=2

Internal exceptions (2 events):
Event: 0.034 Thread 0x00007fa41b001000 Exception <a 'java/lang/NoSuchMethodError': Method sun.misc.Unsafe.defineClass(Ljava/lang/String;[BII)Ljava/lang/Class; name or signature does not match> (0x000000076ab07cb0) thrown at [/Users/java_re/workspace/8-2-build-macosx-x86_64/jdk8u181/11358/hotsp
Event: 0.034 Thread 0x00007fa41b001000 Exception <a 'java/lang/NoSuchMethodError': Method sun.misc.Unsafe.prefetchRead(Ljava/lang/Object;J)V name or signature does not match> (0x000000076ab07f98) thrown at [/Users/java_re/workspace/8-2-build-macosx-x86_64/jdk8u181/11358/hotspot/src/share/vm/pr

Events (10 events):
Event: 161.426 Executing VM operation: ChangeBreakpoints done
Event: 161.428 Executing VM operation: ChangeBreakpoints
Event: 161.428 Executing VM operation: ChangeBreakpoints done
Event: 161.429 Executing VM operation: ChangeBreakpoints
Event: 161.429 Executing VM operation: ChangeBreakpoints done
Event: 161.429 Executing VM operation: ChangeBreakpoints
Event: 161.429 Executing VM operation: ChangeBreakpoints done
Event: 161.430 Executing VM operation: ChangeBreakpoints
Event: 161.430 Executing VM operation: ChangeBreakpoints done
Event: 161.466 Executing VM operation: GetOrSetLocal


Dynamic libraries:
0x00007fff38091000 	/System/Library/Frameworks/Cocoa.framework/Versions/A/Cocoa
0x00007fff43e3f000 	/System/Library/Frameworks/Security.framework/Versions/A/Security
0x00007fff36d23000 	/System/Library/Frameworks/ApplicationServices.framework/Versions/A/ApplicationServices
0x00007fff63f34000 	/usr/lib/libz.1.dylib
0x00007fff6188b000 	/usr/lib/libSystem.B.dylib
0x00007fff630c4000 	/usr/lib/libobjc.A.dylib
0x00007fff38906000 	/System/Library/Frameworks/CoreFoundation.framework/Versions/A/CoreFoundation
0x00007fff3ab8a000 	/System/Library/Frameworks/Foundation.framework/Versions/C/Foundation
0x00007fff35f1c000 	/System/Library/Frameworks/AppKit.framework/Versions/C/AppKit
0x00007fff3848f000 	/System/Library/Frameworks/CoreData.framework/Versions/A/CoreData
0x00007fff5b350000 	/System/Library/PrivateFrameworks/RemoteViewServices.framework/Versions/A/RemoteViewServices
0x00007fff5f5c7000 	/System/Library/PrivateFrameworks/UIFoundation.framework/Versions/A/UIFoundation
0x00007fff60cac000 	/System/Library/PrivateFrameworks/XCTTargetBootstrap.framework/Versions/A/XCTTargetBootstrap
0x00007fff38815000 	/System/Library/Frameworks/CoreDisplay.framework/Versions/A/CoreDisplay
0x00007fff56086000 	/System/Library/PrivateFrameworks/IconServices.framework/Versions/A/IconServices
0x00007fff3d4ac000 	/System/Library/Frameworks/Metal.framework/Versions/A/Metal
0x00007fff4d5ca000 	/System/Library/PrivateFrameworks/DesktopServicesPriv.framework/Versions/A/DesktopServicesPriv
0x00007fff62427000 	/usr/lib/libenergytrace.dylib
0x00007fff5daae000 	/System/Library/PrivateFrameworks/SkyLight.framework/Versions/A/SkyLight
0x00007fff38d4d000 	/System/Library/Frameworks/CoreGraphics.framework/Versions/A/CoreGraphics
0x00007fff34ce8000 	/System/Library/Frameworks/Accelerate.framework/Versions/A/Accelerate
0x00007fff3b2d3000 	/System/Library/Frameworks/IOSurface.framework/Versions/A/IOSurface
0x00007fff4d436000 	/System/Library/PrivateFrameworks/DFRFoundation.framework/Versions/A/DFRFoundation
0x00007fff37206000 	/System/Library/Frameworks/AudioToolbox.framework/Versions/A/AudioToolbox
0x00007fff3747f000 	/System/Library/Frameworks/AudioUnit.framework/Versions/A/AudioUnit
0x00007fff4d4cb000 	/System/Library/PrivateFrameworks/DataDetectorsCore.framework/Versions/A/DataDetectorsCore
0x00007fff37b94000 	/System/Library/Frameworks/Carbon.framework/Versions/A/Frameworks/HIToolbox.framework/Versions/A/HIToolbox
0x00007fff62580000 	/usr/lib/libicucore.A.dylib
0x00007fff433b2000 	/System/Library/Frameworks/QuartzCore.framework/Versions/A/QuartzCore
0x00007fff37f69000 	/System/Library/Frameworks/Carbon.framework/Versions/A/Frameworks/SpeechRecognition.framework/Versions/A/SpeechRecognition
0x00007fff619df000 	/usr/lib/libauto.dylib
0x00007fff63e27000 	/usr/lib/libxml2.2.dylib
0x00007fff4d011000 	/System/Library/PrivateFrameworks/CoreUI.framework/Versions/A/CoreUI
0x00007fff3837a000 	/System/Library/Frameworks/CoreAudio.framework/Versions/A/CoreAudio
0x00007fff3a9bf000 	/System/Library/Frameworks/DiskArbitration.framework/Versions/A/DiskArbitration
0x00007fff6282e000 	/usr/lib/liblangid.dylib
0x00007fff57491000 	/System/Library/PrivateFrameworks/MultitouchSupport.framework/Versions/A/MultitouchSupport
0x00007fff3b242000 	/System/Library/Frameworks/IOKit.framework/Versions/A/IOKit
0x00007fff6144b000 	/usr/lib/libDiagnosticMessagesClient.dylib
0x00007fff39b5d000 	/System/Library/Frameworks/CoreServices.framework/Versions/A/CoreServices
0x00007fff5914b000 	/System/Library/PrivateFrameworks/PerformanceAnalysis.framework/Versions/A/PerformanceAnalysis
0x00007fff42599000 	/System/Library/Frameworks/OpenGL.framework/Versions/A/OpenGL
0x00007fff3809f000 	/System/Library/Frameworks/ColorSync.framework/Versions/A/ColorSync
0x00007fff393df000 	/System/Library/Frameworks/CoreImage.framework/Versions/A/CoreImage
0x00007fff3a535000 	/System/Library/Frameworks/CoreText.framework/Versions/A/CoreText
0x00007fff3b336000 	/System/Library/Frameworks/ImageIO.framework/Versions/A/ImageIO
0x00007fff49663000 	/System/Library/PrivateFrameworks/Backup.framework/Versions/A/Backup
0x00007fff61932000 	/usr/lib/libarchive.2.dylib
0x00007fff377d8000 	/System/Library/Frameworks/CFNetwork.framework/Versions/A/CFNetwork
0x00007fff4459b000 	/System/Library/Frameworks/SystemConfiguration.framework/Versions/A/SystemConfiguration
0x00007fff6137c000 	/usr/lib/libCRFSuite.dylib
0x00007fff61ad0000 	/usr/lib/libc++.1.dylib
0x00007fff61b24000 	/usr/lib/libc++abi.dylib
0x00007fff6472a000 	/usr/lib/system/libcache.dylib
0x00007fff6472f000 	/usr/lib/system/libcommonCrypto.dylib
0x00007fff6473a000 	/usr/lib/system/libcompiler_rt.dylib
0x00007fff64742000 	/usr/lib/system/libcopyfile.dylib
0x00007fff6474c000 	/usr/lib/system/libcorecrypto.dylib
0x00007fff64857000 	/usr/lib/system/libdispatch.dylib
0x00007fff64891000 	/usr/lib/system/libdyld.dylib
0x00007fff648be000 	/usr/lib/system/libkeymgr.dylib
0x00007fff648cc000 	/usr/lib/system/liblaunch.dylib
0x00007fff648cd000 	/usr/lib/system/libmacho.dylib
0x00007fff648d3000 	/usr/lib/system/libquarantine.dylib
0x00007fff648d6000 	/usr/lib/system/libremovefile.dylib
0x00007fff648d8000 	/usr/lib/system/libsystem_asl.dylib
0x00007fff648f0000 	/usr/lib/system/libsystem_blocks.dylib
0x00007fff648f1000 	/usr/lib/system/libsystem_c.dylib
0x00007fff64979000 	/usr/lib/system/libsystem_configuration.dylib
0x00007fff6497d000 	/usr/lib/system/libsystem_coreservices.dylib
0x00007fff64981000 	/usr/lib/system/libsystem_darwin.dylib
0x00007fff64988000 	/usr/lib/system/libsystem_dnssd.dylib
0x00007fff6498f000 	/usr/lib/system/libsystem_info.dylib
0x00007fff64a04000 	/usr/lib/system/libsystem_m.dylib
0x00007fff64a50000 	/usr/lib/system/libsystem_malloc.dylib
0x00007fff64a7b000 	/usr/lib/system/libsystem_networkextension.dylib
0x00007fff64a86000 	/usr/lib/system/libsystem_notify.dylib
0x00007fff64aa3000 	/usr/lib/system/libsystem_sandbox.dylib
0x00007fff64aa7000 	/usr/lib/system/libsystem_secinit.dylib
0x00007fff649db000 	/usr/lib/system/libsystem_kernel.dylib
0x00007fff64a8e000 	/usr/lib/system/libsystem_platform.dylib
0x00007fff64a98000 	/usr/lib/system/libsystem_pthread.dylib
0x00007fff64aaa000 	/usr/lib/system/libsystem_symptoms.dylib
0x00007fff64ab2000 	/usr/lib/system/libsystem_trace.dylib
0x00007fff64ac9000 	/usr/lib/system/libunwind.dylib
0x00007fff64acf000 	/usr/lib/system/libxpc.dylib
0x00007fff61ab1000 	/usr/lib/libbsm.0.dylib
0x00007fff648bf000 	/usr/lib/system/libkxld.dylib
0x00007fff48a54000 	/System/Library/PrivateFrameworks/AppleFSCompression.framework/Versions/A/AppleFSCompression
0x00007fff6174b000 	/usr/lib/libOpenScriptingUtil.dylib
0x00007fff61dd9000 	/usr/lib/libcoretls.dylib
0x00007fff61df0000 	/usr/lib/libcoretls_cfhelpers.dylib
0x00007fff6385b000 	/usr/lib/libpam.2.dylib
0x00007fff63a1b000 	/usr/lib/libsqlite3.dylib
0x00007fff63e15000 	/usr/lib/libxar.1.dylib
0x00007fff61ac2000 	/usr/lib/libbz2.1.0.dylib
0x00007fff62830000 	/usr/lib/liblzma.5.dylib
0x00007fff62ce1000 	/usr/lib/libnetwork.dylib
0x00007fff6191b000 	/usr/lib/libapple_nghttp2.dylib
0x00007fff63862000 	/usr/lib/libpcap.A.dylib
0x00007fff39efc000 	/System/Library/Frameworks/CoreServices.framework/Versions/A/Frameworks/FSEvents.framework/Versions/A/FSEvents
0x00007fff39bdb000 	/System/Library/Frameworks/CoreServices.framework/Versions/A/Frameworks/CarbonCore.framework/Versions/A/CarbonCore
0x00007fff3a0b7000 	/System/Library/Frameworks/CoreServices.framework/Versions/A/Frameworks/Metadata.framework/Versions/A/Metadata
0x00007fff3a156000 	/System/Library/Frameworks/CoreServices.framework/Versions/A/Frameworks/OSServices.framework/Versions/A/OSServices
0x00007fff3a1a1000 	/System/Library/Frameworks/CoreServices.framework/Versions/A/Frameworks/SearchKit.framework/Versions/A/SearchKit
0x00007fff39b5e000 	/System/Library/Frameworks/CoreServices.framework/Versions/A/Frameworks/AE.framework/Versions/A/AE
0x00007fff39f05000 	/System/Library/Frameworks/CoreServices.framework/Versions/A/Frameworks/LaunchServices.framework/Versions/A/LaunchServices
0x00007fff39eb3000 	/System/Library/Frameworks/CoreServices.framework/Versions/A/Frameworks/DictionaryServices.framework/Versions/A/DictionaryServices
0x00007fff3a209000 	/System/Library/Frameworks/CoreServices.framework/Versions/A/Frameworks/SharedFileList.framework/Versions/A/SharedFileList
0x00007fff3e574000 	/System/Library/Frameworks/NetFS.framework/Versions/A/NetFS
0x00007fff576f7000 	/System/Library/PrivateFrameworks/NetAuth.framework/Versions/A/NetAuth
0x00007fff610b0000 	/System/Library/PrivateFrameworks/login.framework/Versions/A/Frameworks/loginsupport.framework/Versions/A/loginsupport
0x00007fff5f1d0000 	/System/Library/PrivateFrameworks/TCC.framework/Versions/A/TCC
0x00007fff4c66e000 	/System/Library/PrivateFrameworks/CoreNLP.framework/Versions/A/CoreNLP
0x00007fff5718c000 	/System/Library/PrivateFrameworks/MetadataUtilities.framework/Versions/A/MetadataUtilities
0x00007fff62905000 	/usr/lib/libmecabra.dylib
0x00007fff36d24000 	/System/Library/Frameworks/ApplicationServices.framework/Versions/A/Frameworks/ATS.framework/Versions/A/ATS
0x00007fff37073000 	/System/Library/Frameworks/ApplicationServices.framework/Versions/A/Frameworks/ColorSyncLegacy.framework/Versions/A/ColorSyncLegacy
0x00007fff37112000 	/System/Library/Frameworks/ApplicationServices.framework/Versions/A/Frameworks/HIServices.framework/Versions/A/HIServices
0x00007fff37165000 	/System/Library/Frameworks/ApplicationServices.framework/Versions/A/Frameworks/LangAnalysis.framework/Versions/A/LangAnalysis
0x00007fff37175000 	/System/Library/Frameworks/ApplicationServices.framework/Versions/A/Frameworks/PrintCore.framework/Versions/A/PrintCore
0x00007fff371bf000 	/System/Library/Frameworks/ApplicationServices.framework/Versions/A/Frameworks/QD.framework/Versions/A/QD
0x00007fff371f9000 	/System/Library/Frameworks/ApplicationServices.framework/Versions/A/Frameworks/SpeechSynthesis.framework/Versions/A/SpeechSynthesis
0x00007fff61b4c000 	/usr/lib/libcompression.dylib
0x00007fff3d77c000 	/System/Library/Frameworks/MetalPerformanceShaders.framework/Versions/A/MetalPerformanceShaders
0x00007fff34d00000 	/System/Library/Frameworks/Accelerate.framework/Versions/A/Frameworks/vImage.framework/Versions/A/vImage
0x00007fff35d7a000 	/System/Library/Frameworks/Accelerate.framework/Versions/A/Frameworks/vecLib.framework/Versions/A/vecLib
0x00007fff35cc6000 	/System/Library/Frameworks/Accelerate.framework/Versions/A/Frameworks/vecLib.framework/Versions/A/libvMisc.dylib
0x00007fff35ade000 	/System/Library/Frameworks/Accelerate.framework/Versions/A/Frameworks/vecLib.framework/Versions/A/libvDSP.dylib
0x00007fff3539a000 	/System/Library/Frameworks/Accelerate.framework/Versions/A/Frameworks/vecLib.framework/Versions/A/libBLAS.dylib
0x00007fff35687000 	/System/Library/Frameworks/Accelerate.framework/Versions/A/Frameworks/vecLib.framework/Versions/A/libLAPACK.dylib
0x00007fff35a31000 	/System/Library/Frameworks/Accelerate.framework/Versions/A/Frameworks/vecLib.framework/Versions/A/libLinearAlgebra.dylib
0x00007fff35aca000 	/System/Library/Frameworks/Accelerate.framework/Versions/A/Frameworks/vecLib.framework/Versions/A/libSparseBLAS.dylib
0x00007fff35a47000 	/System/Library/Frameworks/Accelerate.framework/Versions/A/Frameworks/vecLib.framework/Versions/A/libQuadrature.dylib
0x00007fff35614000 	/System/Library/Frameworks/Accelerate.framework/Versions/A/Frameworks/vecLib.framework/Versions/A/libBNNS.dylib
0x00007fff35a4d000 	/System/Library/Frameworks/Accelerate.framework/Versions/A/Frameworks/vecLib.framework/Versions/A/libSparse.dylib
0x00007fff539bc000 	/System/Library/PrivateFrameworks/GPUWrangler.framework/Versions/A/GPUWrangler
0x00007fff55cbb000 	/System/Library/PrivateFrameworks/IOAccelerator.framework/Versions/A/IOAccelerator
0x00007fff55cc6000 	/System/Library/PrivateFrameworks/IOPresentment.framework/Versions/A/IOPresentment
0x00007fff4d446000 	/System/Library/PrivateFrameworks/DSExternalDisplay.framework/Versions/A/DSExternalDisplay
0x00007fff419f0000 	/System/Library/Frameworks/OpenGL.framework/Versions/A/Libraries/libCoreFSCache.dylib
0x00007fff3d570000 	/System/Library/Frameworks/MetalPerformanceShaders.framework/Frameworks/MPSCore.framework/Versions/A/MPSCore
0x00007fff3d590000 	/System/Library/Frameworks/MetalPerformanceShaders.framework/Frameworks/MPSImage.framework/Versions/A/MPSImage
0x00007fff3d635000 	/System/Library/Frameworks/MetalPerformanceShaders.framework/Frameworks/MPSNeuralNetwork.framework/Versions/A/MPSNeuralNetwork
0x00007fff3d60d000 	/System/Library/Frameworks/MetalPerformanceShaders.framework/Frameworks/MPSMatrix.framework/Versions/A/MPSMatrix
0x00007fff3d761000 	/System/Library/Frameworks/MetalPerformanceShaders.framework/Frameworks/MPSRayIntersector.framework/Versions/A/MPSRayIntersector
0x00007fff571b5000 	/System/Library/PrivateFrameworks/MetalTools.framework/Versions/A/MetalTools
0x00007fff482fe000 	/System/Library/PrivateFrameworks/AggregateDictionary.framework/Versions/A/AggregateDictionary
0x00007fff6172b000 	/usr/lib/libMobileGestalt.dylib
0x00007fff3a698000 	/System/Library/Frameworks/CoreVideo.framework/Versions/A/CoreVideo
0x00007fff547cd000 	/System/Library/PrivateFrameworks/GraphVisualizer.framework/Versions/A/GraphVisualizer
0x00007fff4e64c000 	/System/Library/PrivateFrameworks/FaceCore.framework/Versions/A/FaceCore
0x00007fff4101e000 	/System/Library/Frameworks/OpenCL.framework/Versions/A/OpenCL
0x00007fff61483000 	/usr/lib/libFosl_dynamic.dylib
0x00007fff57f62000 	/System/Library/PrivateFrameworks/OTSVG.framework/Versions/A/OTSVG
0x00007fff36e28000 	/System/Library/Frameworks/ApplicationServices.framework/Versions/A/Frameworks/ATS.framework/Versions/A/Resources/libFontParser.dylib
0x00007fff36f40000 	/System/Library/Frameworks/ApplicationServices.framework/Versions/A/Frameworks/ATS.framework/Versions/A/Resources/libFontRegistry.dylib
0x00007fff3b5a5000 	/System/Library/Frameworks/ImageIO.framework/Versions/A/Resources/libJPEG.dylib
0x00007fff3b8b7000 	/System/Library/Frameworks/ImageIO.framework/Versions/A/Resources/libTIFF.dylib
0x00007fff3b88d000 	/System/Library/Frameworks/ImageIO.framework/Versions/A/Resources/libPng.dylib
0x00007fff3b4c3000 	/System/Library/Frameworks/ImageIO.framework/Versions/A/Resources/libGIF.dylib
0x00007fff3b4c8000 	/System/Library/Frameworks/ImageIO.framework/Versions/A/Resources/libJP2.dylib
0x00007fff3b8b4000 	/System/Library/Frameworks/ImageIO.framework/Versions/A/Resources/libRadiance.dylib
0x00007fff48bab000 	/System/Library/PrivateFrameworks/AppleJPEG.framework/Versions/A/AppleJPEG
0x00007fff419fb000 	/System/Library/Frameworks/OpenGL.framework/Versions/A/Libraries/libGFXShared.dylib
0x00007fff41bbe000 	/System/Library/Frameworks/OpenGL.framework/Versions/A/Libraries/libGLU.dylib
0x00007fff41a04000 	/System/Library/Frameworks/OpenGL.framework/Versions/A/Libraries/libGL.dylib
0x00007fff41a10000 	/System/Library/Frameworks/OpenGL.framework/Versions/A/Libraries/libGLImage.dylib
0x00007fff419ed000 	/System/Library/Frameworks/OpenGL.framework/Versions/A/Libraries/libCVMSPluginSupport.dylib
0x00007fff419f6000 	/System/Library/Frameworks/OpenGL.framework/Versions/A/Libraries/libCoreVMClient.dylib
0x00007fff6229d000 	/usr/lib/libcups.2.dylib
0x00007fff3ca77000 	/System/Library/Frameworks/Kerberos.framework/Versions/A/Kerberos
0x00007fff3afa6000 	/System/Library/Frameworks/GSS.framework/Versions/A/GSS
0x00007fff639b0000 	/usr/lib/libresolv.9.dylib
0x00007fff6248f000 	/usr/lib/libiconv.2.dylib
0x00007fff54942000 	/System/Library/PrivateFrameworks/Heimdal.framework/Versions/A/Heimdal
0x00007fff6245f000 	/usr/lib/libheimdal-asn1.dylib
0x00007fff41092000 	/System/Library/Frameworks/OpenDirectory.framework/Versions/A/OpenDirectory
0x00007fff4b3d1000 	/System/Library/PrivateFrameworks/CommonAuth.framework/Versions/A/CommonAuth
0x00007fff41076000 	/System/Library/Frameworks/OpenDirectory.framework/Versions/A/Frameworks/CFOpenDirectory.framework/Versions/A/CFOpenDirectory
0x00007fff44140000 	/System/Library/Frameworks/SecurityFoundation.framework/Versions/A/SecurityFoundation
0x00007fff47844000 	/System/Library/PrivateFrameworks/APFS.framework/Versions/A/APFS
0x00007fff63e11000 	/usr/lib/libutil.dylib
0x00007fff61b3a000 	/usr/lib/libcharset.1.dylib
0x00007fff48e48000 	/System/Library/PrivateFrameworks/AppleSauce.framework/Versions/A/AppleSauce
0x00007fff48fc9000 	/System/Library/PrivateFrameworks/AssertionServices.framework/Versions/A/AssertionServices
0x00007fff496f9000 	/System/Library/PrivateFrameworks/BaseBoard.framework/Versions/A/BaseBoard
0x00007fff62860000 	/usr/lib/libmecab.1.0.0.dylib
0x00007fff62459000 	/usr/lib/libgermantok.dylib
0x00007fff61908000 	/usr/lib/libThaiTokenizer.dylib
0x00007fff613b3000 	/usr/lib/libChineseTokenizer.dylib
0x00007fff56373000 	/System/Library/PrivateFrameworks/LanguageModeling.framework/Versions/A/LanguageModeling
0x00007fff4c0b3000 	/System/Library/PrivateFrameworks/CoreEmoji.framework/Versions/A/CoreEmoji
0x00007fff5644f000 	/System/Library/PrivateFrameworks/Lexicon.framework/Versions/A/Lexicon
0x00007fff56492000 	/System/Library/PrivateFrameworks/LinguisticData.framework/Versions/A/LinguisticData
0x00007fff61b3b000 	/usr/lib/libcmph.dylib
0x00007fff441fe000 	/System/Library/Frameworks/ServiceManagement.framework/Versions/A/ServiceManagement
0x00007fff4965a000 	/System/Library/PrivateFrameworks/BackgroundTaskManagement.framework/Versions/A/BackgroundTaskManagement
0x00007fff63f0b000 	/usr/lib/libxslt.1.dylib
0x00007fff37e96000 	/System/Library/Frameworks/Carbon.framework/Versions/A/Frameworks/Ink.framework/Versions/A/Ink
0x00007fff5f442000 	/System/Library/PrivateFrameworks/TextureIO.framework/Versions/A/TextureIO
0x00007fff6195c000 	/usr/lib/libate.dylib
0x00007fff4d395000 	/System/Library/PrivateFrameworks/CrashReporterSupport.framework/Versions/A/CrashReporterSupport
0x00007fff5cb7c000 	/System/Library/PrivateFrameworks/Sharing.framework/Versions/A/Sharing
0x00007fff493ac000 	/System/Library/PrivateFrameworks/AuthKit.framework/Versions/A/AuthKit
0x00007fff48900000 	/System/Library/PrivateFrameworks/Apple80211.framework/Versions/A/Apple80211
0x00007fff4d13d000 	/System/Library/PrivateFrameworks/CoreUtils.framework/Versions/A/CoreUtils
0x00007fff3a6d9000 	/System/Library/Frameworks/CoreWLAN.framework/Versions/A/CoreWLAN
0x00007fff3b0d5000 	/System/Library/Frameworks/IOBluetooth.framework/Versions/A/IOBluetooth
0x00007fff5afec000 	/System/Library/PrivateFrameworks/ProtocolBuffer.framework/Versions/A/ProtocolBuffer
0x00007fff573ed000 	/System/Library/PrivateFrameworks/MobileKeyBag.framework/Versions/A/MobileKeyBag
0x00007fff4c981000 	/System/Library/PrivateFrameworks/CorePhoneNumbers.framework/Versions/A/CorePhoneNumbers
0x00007fff48b5f000 	/System/Library/PrivateFrameworks/AppleIDAuthSupport.framework/Versions/A/AppleIDAuthSupport
0x00007fff56346000 	/System/Library/PrivateFrameworks/KeychainCircle.framework/Versions/A/KeychainCircle
0x00007fff5b1a2000 	/System/Library/PrivateFrameworks/ROCKit.framework/Versions/A/ROCKit
0x00007fff4d331000 	/System/Library/PrivateFrameworks/CoreWiFi.framework/Versions/A/CoreWiFi
0x00007fff38464000 	/System/Library/Frameworks/CoreBluetooth.framework/Versions/A/CoreBluetooth
0x00007fff4d58c000 	/System/Library/PrivateFrameworks/DebugSymbols.framework/Versions/A/DebugSymbols
0x00007fff4cefd000 	/System/Library/PrivateFrameworks/CoreSymbolication.framework/Versions/A/CoreSymbolication
0x00007fff5ec5d000 	/System/Library/PrivateFrameworks/Symbolication.framework/Versions/A/Symbolication
0x00007fff5e500000 	/System/Library/PrivateFrameworks/SpeechRecognitionCore.framework/Versions/A/SpeechRecognitionCore
0x00007fff2d02d000 	/System/Library/CoreServices/Encodings/libSimplifiedChineseConverter.dylib
0x0000000102400000 	/Library/Java/JavaVirtualMachines/jdk1.8.0_181.jdk/Contents/Home/jre/lib/server/libjvm.dylib
0x00007fff63cec000 	/usr/lib/libstdc++.6.dylib
0x0000000101bb9000 	/Library/Java/JavaVirtualMachines/jdk1.8.0_181.jdk/Contents/Home/jre/lib/libverify.dylib
0x0000000101bc7000 	/Library/Java/JavaVirtualMachines/jdk1.8.0_181.jdk/Contents/Home/jre/lib/libjava.dylib
0x00000001033b4000 	/Library/Java/JavaVirtualMachines/jdk1.8.0_181.jdk/Contents/Home/jre/lib/libjdwp.dylib
0x00000001033ff000 	/Library/Java/JavaVirtualMachines/jdk1.8.0_181.jdk/Contents/Home/jre/lib/libnpt.dylib
0x000000010341d000 	/Library/Java/JavaVirtualMachines/jdk1.8.0_181.jdk/Contents/Home/jre/lib/libinstrument.dylib
0x00000001034b9000 	/Library/Java/JavaVirtualMachines/jdk1.8.0_181.jdk/Contents/Home/jre/lib/libzip.dylib
0x0000000106915000 	/Library/Java/JavaVirtualMachines/jdk1.8.0_181.jdk/Contents/Home/jre/lib/libdt_socket.dylib

VM Arguments:
jvm_args: -agentlib:jdwp=transport=dt_socket,address=127.0.0.1:61022,suspend=y,server=n -javaagent:/Users/jiangtianmeng/Library/Caches/IntelliJIdea2018.2/captureAgent/debugger-agent.jar=file:/private/var/folders/_n/cscrkclj4nb98ssg6yzyh7v80000gn/T/capture.props -Dfile.encoding=UTF-8 
java_command: DebugExercise2
java_class_path (initial): /Library/Java/JavaVirtualMachines/jdk1.8.0_181.jdk/Contents/Home/jre/lib/charsets.jar:/Library/Java/JavaVirtualMachines/jdk1.8.0_181.jdk/Contents/Home/jre/lib/deploy.jar:/Library/Java/JavaVirtualMachines/jdk1.8.0_181.jdk/Contents/Home/jre/lib/ext/cldrdata.jar:/Library/Java/JavaVirtualMachines/jdk1.8.0_181.jdk/Contents/Home/jre/lib/ext/dnsns.jar:/Library/Java/JavaVirtualMachines/jdk1.8.0_181.jdk/Contents/Home/jre/lib/ext/jaccess.jar:/Library/Java/JavaVirtualMachines/jdk1.8.0_181.jdk/Contents/Home/jre/lib/ext/jfxrt.jar:/Library/Java/JavaVirtualMachines/jdk1.8.0_181.jdk/Contents/Home/jre/lib/ext/localedata.jar:/Library/Java/JavaVirtualMachines/jdk1.8.0_181.jdk/Contents/Home/jre/lib/ext/nashorn.jar:/Library/Java/JavaVirtualMachines/jdk1.8.0_181.jdk/Contents/Home/jre/lib/ext/sunec.jar:/Library/Java/JavaVirtualMachines/jdk1.8.0_181.jdk/Contents/Home/jre/lib/ext/sunjce_provider.jar:/Library/Java/JavaVirtualMachines/jdk1.8.0_181.jdk/Contents/Home/jre/lib/ext/sunpkcs11.jar:/Library/Java/JavaVirtualMachines/jdk1.8.0_181.jdk/Contents/Home/jre/lib/ext/zipfs.jar:/Library/Java/JavaVirtualMachines/jdk1.8.0_181.jdk/Contents/Home/jre/lib/javaws.jar:/Library/Java/JavaVirtualMachines/jdk1.8.0_181.jdk/Contents/Home/jre/lib/jce.jar:/Library/Java/JavaVirtualMachines/jdk1.8.0_181.jdk/Contents/Home/jre/lib/jfr.jar:/Library/Java/JavaVirtualMachines/jdk1.8.0_181.jdk/Contents/Home/jre/lib/jfxswt.jar:/Library/Java/JavaVirtualMachines/jdk1.8.0_181.jdk/Contents/Home/jre/lib/jsse.jar:/Library/Java/JavaVirtualMachines/jdk1.8.0_181.jdk/Contents/Home/jre/lib/management-agent.jar:/Library/Java/JavaVirtualMachines/jdk1.8.0_181.jdk/Contents/Home/jre/lib/plugin.jar:/Library/Java/JavaVirtualMachines/jdk1.8.0_181.jdk/Contents/Home/jre/lib/resources.jar:/Library/Java/JavaVirtualMachines/jdk1.8.0_181.jdk/Contents/Home/jre/lib/rt.jar:/Library/Java/JavaVirtualMachines/jdk1.8.0_181.jdk/Contents/Home/lib/ant-javafx.jar:/Library/Java/JavaVirtualMachines/jdk1.8.0_181.jdk/Contents/Home
Launcher Type: SUN_STANDARD

Environment Variables:
JAVA_HOME=/Library/Java/JavaVirtualMachines/jdk1.8.0_181.jdk/Contents/Home
CLASSPATH=.:/Library/Java/JavaVirtualMachines/jdk1.8.0_181.jdk/Contents/Home/lib/dt.jar:/Library/Java/JavaVirtualMachines/jdk1.8.0_181.jdk/Contents/Home/lib/tools.jar
PATH=/Users/jiangtianmeng/apps/flutter/bin:/Users/jiangtianmeng/apps/anaconda2/bin:/Users/jiangtianmeng/apps/apache-maven-3.5.4/bin:/Library/Java/JavaVirtualMachines/jdk1.8.0_181.jdk/Contents/Home/bin:/Library/Frameworks/Python.framework/Versions/3.7/bin:../usr/local/bin:/usr/bin:/bin:/usr/sbin:/sbin:/Applications/VMware Fusion.app/Contents/Public:/Library/Java/JavaVirtualMachines/jdk1.8.0_181.jdk/Contents/Home/bin:/usr/local/bin/:/usr/local/mysql/bin
SHELL=/bin/bash

Signal Handlers:
SIGSEGV: [libjvm.dylib+0x5b6029], sa_mask[0]=11111111011111110111111111111111, sa_flags=SA_ONSTACK|SA_RESTART|SA_SIGINFO
SIGBUS: [libjvm.dylib+0x5b6029], sa_mask[0]=11111111011111110111111111111111, sa_flags=SA_RESTART|SA_SIGINFO
SIGFPE: [libjvm.dylib+0x48b934], sa_mask[0]=11111111011111110111111111111111, sa_flags=SA_RESTART|SA_SIGINFO
SIGPIPE: [libjvm.dylib+0x48b934], sa_mask[0]=11111111011111110111111111111111, sa_flags=SA_RESTART|SA_SIGINFO
SIGXFSZ: [libjvm.dylib+0x48b934], sa_mask[0]=11111111011111110111111111111111, sa_flags=SA_RESTART|SA_SIGINFO
SIGILL: [libjvm.dylib+0x48b934], sa_mask[0]=11111111011111110111111111111111, sa_flags=SA_RESTART|SA_SIGINFO
SIGUSR1: SIG_DFL, sa_mask[0]=00000000000000000000000000000000, sa_flags=none
SIGUSR2: [libjvm.dylib+0x48b452], sa_mask[0]=00100000000000000000000000000000, sa_flags=SA_RESTART|SA_SIGINFO
SIGHUP: [libjvm.dylib+0x489a1d], sa_mask[0]=11111111011111110111111111111111, sa_flags=SA_RESTART|SA_SIGINFO
SIGINT: [libjvm.dylib+0x489a1d], sa_mask[0]=11111111011111110111111111111111, sa_flags=SA_RESTART|SA_SIGINFO
SIGTERM: [libjvm.dylib+0x489a1d], sa_mask[0]=11111111011111110111111111111111, sa_flags=SA_RESTART|SA_SIGINFO
SIGQUIT: [libjvm.dylib+0x489a1d], sa_mask[0]=11111111011111110111111111111111, sa_flags=SA_RESTART|SA_SIGINFO


---------------  S Y S T E M  ---------------

OS:Bsduname:Darwin 18.7.0 Darwin Kernel Version 18.7.0: Thu Jan 23 06:52:12 PST 2020; root:xnu-4903.278.25~1/RELEASE_X86_64 x86_64
rlimit: STACK 8192k, CORE 0k, NPROC 1418, NOFILE 10240, AS infinity
load average:3.18 2.79 2.47

CPU:total 4 (initial active 4) (2 cores per cpu, 2 threads per core) family 6 model 142 stepping 9, cmov, cx8, fxsr, mmx, sse, sse2, sse3, ssse3, sse4.1, sse4.2, popcnt, avx, avx2, aes, clmul, erms, rtm, 3dnowpref, lzcnt, ht, tsc, tscinvbit, bmi1, bmi2, adx

Memory: 4k page, physical 16777216k(884308k free)

/proc/meminfo:


vm_info: Java HotSpot(TM) 64-Bit Server VM (25.181-b13) for bsd-amd64 JRE (1.8.0_181-b13), built on Jul  7 2018 01:02:31 by "java_re" with gcc 4.2.1 (Based on Apple Inc. build 5658) (LLVM build 2336.11.00)

time: Wed Apr  1 10:55:03 2020
elapsed time: 161 seconds (0d 0h 2m 41s)

